<?xml version="1.0" encoding="UTF-8"?>
<!-- Generated by org.testng.reporters.JUnitReportReporter -->
<testsuite skipped="0" hostname="L33986WUS" name="com.webdriver.datadriven.DataDrivenRunner" tests="1" failures="0" timestamp="22 Feb 2020 01:34:46 GMT" time="120.758" errors="0">
  <testcase name="feature" time="120.758" classname="com.webdriver.datadriven.DataDrivenRunner"/>
</testsuite> <!-- com.webdriver.datadriven.DataDrivenRunner -->
