<?xml version="1.0" encoding="UTF-8"?>
<!-- Generated by org.testng.reporters.JUnitReportReporter -->
<testsuite skipped="0" hostname="L33986WUS" name="com.webdriver.datadriven.exceldriven.TestExcelReader" tests="1" failures="0" timestamp="21 Sep 2019 06:40:54 GMT" time="87.207" errors="0">
  <testcase name="testExcel" time="87.207" classname="com.webdriver.datadriven.exceldriven.TestExcelReader"/>
</testsuite> <!-- com.webdriver.datadriven.exceldriven.TestExcelReader -->
